{"meta": {"format": 3, "version": "7.6.8", "timestamp": "2024-12-04T11:02:22.619005", "branch_coverage": false, "show_contexts": false}, "files": {"src\\le_jeu\\__init__.py": {"executed_lines": [1], "summary": {"covered_lines": 0, "num_statements": 0, "percent_covered": 100.0, "percent_covered_display": "100", "missing_lines": 0, "excluded_lines": 0}, "missing_lines": [], "excluded_lines": [], "functions": {"": {"executed_lines": [1], "summary": {"covered_lines": 0, "num_statements": 0, "percent_covered": 100.0, "percent_covered_display": "100", "missing_lines": 0, "excluded_lines": 0}, "missing_lines": [], "excluded_lines": []}}, "classes": {"": {"executed_lines": [1], "summary": {"covered_lines": 0, "num_statements": 0, "percent_covered": 100.0, "percent_covered_display": "100", "missing_lines": 0, "excluded_lines": 0}, "missing_lines": [], "excluded_lines": []}}}, "src\\le_jeu\\dodge_the_roar.py": {"executed_lines": [1, 2, 3, 4, 6, 14, 15, 16, 18, 19, 20, 22, 23, 25, 26, 28, 30, 40, 41, 43, 59, 60, 61, 62, 64, 71, 72, 73, 74, 76, 90, 97, 99, 116, 119, 123, 124, 126, 127, 128, 129, 131, 132, 133, 135, 136, 137, 139, 140, 141, 143, 144, 145, 146, 148, 150, 153, 155, 156, 160, 162, 163, 165, 166, 171, 174, 177, 178, 179, 180, 182, 183, 184, 185, 186, 188, 190], "summary": {"covered_lines": 77, "num_statements": 91, "percent_covered": 84.61538461538461, "percent_covered_display": "85", "missing_lines": 14, "excluded_lines": 0}, "missing_lines": [91, 92, 94, 95, 96, 149, 151, 157, 158, 167, 168, 169, 172, 191], "excluded_lines": [], "functions": {"init_game": {"executed_lines": [14, 15, 16, 18, 19, 20, 22, 23, 25, 26, 28], "summary": {"covered_lines": 11, "num_statements": 11, "percent_covered": 100.0, "percent_covered_display": "100", "missing_lines": 0, "excluded_lines": 0}, "missing_lines": [], "excluded_lines": []}, "draw_background": {"executed_lines": [40, 41], "summary": {"covered_lines": 2, "num_statements": 2, "percent_covered": 100.0, "percent_covered_display": "100", "missing_lines": 0, "excluded_lines": 0}, "missing_lines": [], "excluded_lines": []}, "draw_objects": {"executed_lines": [59, 60, 61, 62], "summary": {"covered_lines": 4, "num_statements": 4, "percent_covered": 100.0, "percent_covered_display": "100", "missing_lines": 0, "excluded_lines": 0}, "missing_lines": [], "excluded_lines": []}, "handle_events": {"executed_lines": [71, 72, 73, 74], "summary": {"covered_lines": 4, "num_statements": 4, "percent_covered": 100.0, "percent_covered_display": "100", "missing_lines": 0, "excluded_lines": 0}, "missing_lines": [], "excluded_lines": []}, "update_player_position": {"executed_lines": [90, 97], "summary": {"covered_lines": 2, "num_statements": 7, "percent_covered": 28.571428571428573, "percent_covered_display": "29", "missing_lines": 5, "excluded_lines": 0}, "missing_lines": [91, 92, 94, 95, 96], "excluded_lines": []}, "check_collision": {"executed_lines": [116], "summary": {"covered_lines": 1, "num_statements": 1, "percent_covered": 100.0, "percent_covered_display": "100", "missing_lines": 0, "excluded_lines": 0}, "missing_lines": [], "excluded_lines": []}, "main": {"executed_lines": [123, 124, 126, 127, 128, 129, 131, 132, 133, 135, 136, 137, 139, 140, 141, 143, 144, 145, 146, 148, 150, 153, 155, 156, 160, 162, 163, 165, 166, 171, 174, 177, 178, 179, 180, 182, 183, 184, 185, 186, 188], "summary": {"covered_lines": 41, "num_statements": 49, "percent_covered": 83.6734693877551, "percent_covered_display": "84", "missing_lines": 8, "excluded_lines": 0}, "missing_lines": [149, 151, 157, 158, 167, 168, 169, 172], "excluded_lines": []}, "": {"executed_lines": [1, 2, 3, 4, 6, 30, 43, 64, 76, 99, 119, 190], "summary": {"covered_lines": 12, "num_statements": 13, "percent_covered": 92.3076923076923, "percent_covered_display": "92", "missing_lines": 1, "excluded_lines": 0}, "missing_lines": [191], "excluded_lines": []}}, "classes": {"": {"executed_lines": [1, 2, 3, 4, 6, 14, 15, 16, 18, 19, 20, 22, 23, 25, 26, 28, 30, 40, 41, 43, 59, 60, 61, 62, 64, 71, 72, 73, 74, 76, 90, 97, 99, 116, 119, 123, 124, 126, 127, 128, 129, 131, 132, 133, 135, 136, 137, 139, 140, 141, 143, 144, 145, 146, 148, 150, 153, 155, 156, 160, 162, 163, 165, 166, 171, 174, 177, 178, 179, 180, 182, 183, 184, 185, 186, 188, 190], "summary": {"covered_lines": 77, "num_statements": 91, "percent_covered": 84.61538461538461, "percent_covered_display": "85", "missing_lines": 14, "excluded_lines": 0}, "missing_lines": [91, 92, 94, 95, 96, 149, 151, 157, 158, 167, 168, 169, 172, 191], "excluded_lines": []}}}}, "totals": {"covered_lines": 77, "num_statements": 91, "percent_covered": 84.61538461538461, "percent_covered_display": "85", "missing_lines": 14, "excluded_lines": 0}}